pygame 2.6.1 (SDL 2.28.4, Python 3.12.3)
Hello from the pygame community. https://www.pygame.org/contribute.html
COULD NOT LOAD FROM MASTER DB: database_gargantuar_2_length_3_rules.pkl
MASTER DATABASE CURRENTLY HAS:
NO SEGMENTS

SEGMENTS REQUESTED (Pairs Requested * 2 * distribution[i]) (x10 for ensemble)):
0 RULE SEGMENTS: 34
1 RULE SEGMENTS: 34
2 RULE SEGMENTS: 34
3 RULE SEGMENTS: 100

MISSING SEGMENTS! Generating more...

 ****** Running generation 0 ****** 

24 cars survived this generation.
THIS GENERATION PRODUCED 183 SEGMENTS SATISFYING 0 RULES ON AVERAGE.
THIS GENERATION PRODUCED 172 SEGMENTS SATISFYING 1 RULES ON AVERAGE.
THIS GENERATION PRODUCED 37 SEGMENTS SATISFYING 2 RULES ON AVERAGE.
THIS GENERATION PRODUCED 39 SEGMENTS SATISFYING 3 RULES ON AVERAGE.
MASTER DATABASE CURRENTLY HAS:
0 RULE SEGMENTS: 183
1 RULE SEGMENTS: 172
2 RULE SEGMENTS: 37
3 RULE SEGMENTS: 39

Population's average fitness: 0.08400 stdev: 1.01338
Best fitness: 24.00000 - size: (4, 20) - species 1 - id 891
Average adjusted fitness: 0.004
Mean genetic distance 1.407, standard deviation 0.265
Population of 999 members in 7 species:
   ID   age  size  fitness  adj fit  stag
  ====  ===  ====  =======  =======  ====
     1    0   310     24.0    0.009     0
     2    0   336      6.0    0.002     0
     3    0    99     11.0    0.005     0
     4    0    81      0.0    0.000     0
     5    0    93       --       --     0
     6    0    56       --       --     0
     7    0    24       --       --     0
Total extinctions: 0
Generation time: 52.841 sec

 ****** Running generation 1 ****** 

14 cars survived this generation.
THIS GENERATION PRODUCED 0 SEGMENTS SATISFYING 0 RULES ON AVERAGE.
THIS GENERATION PRODUCED 0 SEGMENTS SATISFYING 1 RULES ON AVERAGE.
THIS GENERATION PRODUCED 0 SEGMENTS SATISFYING 2 RULES ON AVERAGE.
THIS GENERATION PRODUCED 53 SEGMENTS SATISFYING 3 RULES ON AVERAGE.
MASTER DATABASE CURRENTLY HAS:
0 RULE SEGMENTS: 183
1 RULE SEGMENTS: 172
2 RULE SEGMENTS: 37
3 RULE SEGMENTS: 92

Population's average fitness: 0.12613 stdev: 1.14692
Best fitness: 24.00000 - size: (4, 20) - species 1 - id 891
Average adjusted fitness: 0.003
Mean genetic distance 1.577, standard deviation 0.286
Population of 1001 members in 15 species:
   ID   age  size  fitness  adj fit  stag
  ====  ===  ====  =======  =======  ====
     1    1   162     24.0    0.007     1
     2    1   282     11.0    0.007     0
     3    1    87      8.0    0.003     1
     4    1    66      1.0    0.001     0
     5    1    98      1.0    0.001     0
     6    1   157      2.0    0.003     0
     7    1    64      0.0    0.000     0
     8    0     7       --       --     0
     9    0    24       --       --     0
    10    0     6       --       --     0
    11    0     5       --       --     0
    12    0    10       --       --     0
    13    0     8       --       --     0
    14    0    20       --       --     0
    15    0     5       --       --     0
Total extinctions: 0
Generation time: 50.886 sec (51.864 average)

 ****** Running generation 2 ****** 

28 cars survived this generation.
THIS GENERATION PRODUCED 0 SEGMENTS SATISFYING 0 RULES ON AVERAGE.
THIS GENERATION PRODUCED 0 SEGMENTS SATISFYING 1 RULES ON AVERAGE.
THIS GENERATION PRODUCED 0 SEGMENTS SATISFYING 2 RULES ON AVERAGE.
THIS GENERATION PRODUCED 12 SEGMENTS SATISFYING 3 RULES ON AVERAGE.
MASTER DATABASE CURRENTLY HAS:
0 RULE SEGMENTS: 183
1 RULE SEGMENTS: 172
2 RULE SEGMENTS: 37
3 RULE SEGMENTS: 104

Population's average fitness: 0.17383 stdev: 1.33640
Best fitness: 24.00000 - size: (4, 20) - species 1 - id 891
Average adjusted fitness: 0.004
Mean genetic distance 1.713, standard deviation 0.304
Population of 1001 members in 33 species:
   ID   age  size  fitness  adj fit  stag
  ====  ===  ====  =======  =======  ====
     1    2    44     24.0    0.016     2
     2    2   169     13.0    0.007     0
     3    2   116      8.0    0.008     2
     4    2   166     11.0    0.008     0
     5    2    62     11.0    0.012     0
     6    2   229      2.0    0.001     1
     7    2    40      0.0    0.000     1
     8    1     5      0.0    0.000     0
     9    1    12      0.0    0.000     0
    10    1     3      0.0    0.000     0
    11    1     3      0.0    0.000     0
    12    1    34      1.0    0.004     0
    13    1     9      0.0    0.000     0
    14    1     9      0.0    0.000     0
    15    1     5      0.0    0.000     0
    16    0     5       --       --     0
    17    0     5       --       --     0
    18    0     6       --       --     0
    19    0    11       --       --     0
    20    0     2       --       --     0
    21    0     4       --       --     0
    22    0    27       --       --     0
    23    0     3       --       --     0
    24    0     1       --       --     0
    25    0     2       --       --     0
    26    0     3       --       --     0
    27    0     2       --       --     0
    28    0     3       --       --     0
    29    0     3       --       --     0
    30    0     4       --       --     0
    31    0     2       --       --     0
    32    0     3       --       --     0
    33    0     9       --       --     0
Total extinctions: 0
Generation time: 50.803 sec (51.510 average)
Stopping after 3 generations.
Total execution time for 3 generations: 154.56 seconds
SEGMENT POOL FOR DATA COLLECTION: ['0: 34', '1: 34', '2: 34', '3: 100']
Generated 50 pairs with different rewards (0.5%)
Generating Database with 100 trajectory pairs...
Replacing old master database with the new one...
Removing old master database...
Master database updated successfully.
