pygame 2.6.1 (SDL 2.28.4, Python 3.12.3)
Hello from the pygame community. https://www.pygame.org/contribute.html
COULD NOT LOAD FROM MASTER DB: database_gargantuar_2_length_3_rules.pkl
MASTER DATABASE CURRENTLY HAS:
NO SEGMENTS

SEGMENTS REQUESTED (Pairs Requested * 2 * distribution[i]) (x10 for ensemble)):
0 RULE SEGMENTS: 34
1 RULE SEGMENTS: 34
2 RULE SEGMENTS: 34
3 RULE SEGMENTS: 100

MISSING SEGMENTS! Generating more...

 ****** Running generation 0 ****** 

15 cars survived this generation.
THIS GENERATION PRODUCED 150 SEGMENTS SATISFYING 0 RULES ON AVERAGE.
THIS GENERATION PRODUCED 176 SEGMENTS SATISFYING 1 RULES ON AVERAGE.
THIS GENERATION PRODUCED 47 SEGMENTS SATISFYING 2 RULES ON AVERAGE.
THIS GENERATION PRODUCED 2 SEGMENTS SATISFYING 3 RULES ON AVERAGE.
MASTER DATABASE CURRENTLY HAS:
0 RULE SEGMENTS: 150
1 RULE SEGMENTS: 176
2 RULE SEGMENTS: 47
3 RULE SEGMENTS: 2

Population's average fitness: 0.01700 stdev: 0.15720
Best fitness: 2.00000 - size: (4, 20) - species 1 - id 14
Average adjusted fitness: 0.005
Mean genetic distance 1.453, standard deviation 0.321
Population of 1000 members in 9 species:
   ID   age  size  fitness  adj fit  stag
  ====  ===  ====  =======  =======  ====
     1    0   424      2.0    0.009     0
     2    0   401      2.0    0.009     0
     3    0   106      0.0    0.000     0
     4    0    14      0.0    0.000     0
     5    0     5       --       --     0
     6    0    20       --       --     0
     7    0    11       --       --     0
     8    0    14       --       --     0
     9    0     5       --       --     0
Total extinctions: 0
Generation time: 51.715 sec

 ****** Running generation 1 ****** 

20 cars survived this generation.
THIS GENERATION PRODUCED 0 SEGMENTS SATISFYING 0 RULES ON AVERAGE.
THIS GENERATION PRODUCED 0 SEGMENTS SATISFYING 1 RULES ON AVERAGE.
THIS GENERATION PRODUCED 0 SEGMENTS SATISFYING 2 RULES ON AVERAGE.
THIS GENERATION PRODUCED 60 SEGMENTS SATISFYING 3 RULES ON AVERAGE.
MASTER DATABASE CURRENTLY HAS:
0 RULE SEGMENTS: 150
1 RULE SEGMENTS: 176
2 RULE SEGMENTS: 47
3 RULE SEGMENTS: 62

Population's average fitness: 0.15100 stdev: 1.41640
Best fitness: 28.00000 - size: (4, 19) - species 2 - id 1975
Average adjusted fitness: 0.005
Mean genetic distance 1.610, standard deviation 0.295
Population of 999 members in 26 species:
   ID   age  size  fitness  adj fit  stag
  ====  ===  ====  =======  =======  ====
     1    1   201     16.0    0.005     0
     2    1   174     28.0    0.006     0
     3    1   102      7.0    0.004     0
     4    1    13      0.0    0.000     1
     5    1     6      0.0    0.000     0
     6    1   186     16.0    0.030     0
     7    1    14      0.0    0.000     0
     8    1    23      0.0    0.000     0
     9    1    14      0.0    0.000     0
    10    0    39       --       --     0
    11    0    24       --       --     0
    12    0     4       --       --     0
    13    0    27       --       --     0
    14    0     1       --       --     0
    15    0    30       --       --     0
    16    0    11       --       --     0
    17    0    50       --       --     0
    18    0    35       --       --     0
    19    0    20       --       --     0
    20    0     6       --       --     0
    21    0     6       --       --     0
    22    0     3       --       --     0
    23    0     5       --       --     0
    24    0     3       --       --     0
    25    0     1       --       --     0
    26    0     1       --       --     0
Total extinctions: 0
Generation time: 51.143 sec (51.429 average)

 ****** Running generation 2 ****** 

27 cars survived this generation.
THIS GENERATION PRODUCED 0 SEGMENTS SATISFYING 0 RULES ON AVERAGE.
THIS GENERATION PRODUCED 0 SEGMENTS SATISFYING 1 RULES ON AVERAGE.
THIS GENERATION PRODUCED 0 SEGMENTS SATISFYING 2 RULES ON AVERAGE.
THIS GENERATION PRODUCED 40 SEGMENTS SATISFYING 3 RULES ON AVERAGE.
MASTER DATABASE CURRENTLY HAS:
0 RULE SEGMENTS: 150
1 RULE SEGMENTS: 176
2 RULE SEGMENTS: 47
3 RULE SEGMENTS: 102

Population's average fitness: 0.40541 stdev: 2.34613
Best fitness: 28.00000 - size: (4, 19) - species 2 - id 1975
Average adjusted fitness: 0.024
Mean genetic distance 1.701, standard deviation 0.302
Population of 1005 members in 47 species:
   ID   age  size  fitness  adj fit  stag
  ====  ===  ====  =======  =======  ====
     1    2   189     15.0    0.007     1
     2    2    31     28.0    0.012     1
     3    2   184      7.0    0.005     1
     4    2     9      0.0    0.000     2
     5    2     5      0.0    0.000     1
     6    2    20     20.0    0.020     0
     7    2    10      0.0    0.000     1
     8    2    13      0.0    0.000     1
     9    2    20     17.0    0.043     0
    10    1    36      7.0    0.015     0
    11    1     6      0.0    0.000     0
    12    1     3      0.0    0.000     0
    13    1    34     15.0    0.020     0
    14    1     3      0.0    0.000     0
    15    1    27     16.0    0.019     0
    16    1    17      0.0    0.000     0
    17    1    16      1.0    0.001     0
    18    1    12     20.0    0.070     0
    19    1    18     16.0    0.030     0
    20    1    46     10.0    0.060     0
    21    1    19      5.0    0.030     0
    22    1    41      6.0    0.071     0
    23    1     7      0.0    0.000     0
    24    1    75     13.0    0.155     0
    25    1     5      0.0    0.000     0
    26    1    64      2.0    0.071     0
    27    0     2       --       --     0
    28    0     1       --       --     0
    29    0    11       --       --     0
    30    0    15       --       --     0
    31    0    15       --       --     0
    32    0     2       --       --     0
    33    0     1       --       --     0
    34    0     5       --       --     0
    35    0     1       --       --     0
    36    0     6       --       --     0
    37    0     2       --       --     0
    38    0     6       --       --     0
    39    0     5       --       --     0
    40    0    10       --       --     0
    41    0     3       --       --     0
    42    0     4       --       --     0
    43    0     1       --       --     0
    44    0     2       --       --     0
    45    0     1       --       --     0
    46    0     1       --       --     0
    47    0     1       --       --     0
Total extinctions: 0
Generation time: 49.398 sec (50.752 average)
Stopping after 3 generations.
Total execution time for 3 generations: 152.28 seconds
SEGMENT POOL FOR DATA COLLECTION: ['0: 34', '1: 34', '2: 34', '3: 100']
Generated 57 pairs with different rewards (0.57%)
Generating Database with 100 trajectory pairs...
Replacing old master database with the new one...
Removing old master database...
Master database updated successfully.
