pygame 2.6.1 (SDL 2.28.4, Python 3.12.3)
Hello from the pygame community. https://www.pygame.org/contribute.html
COULD NOT LOAD FROM MASTER DB: database_gargantuar_2_length_3_rules.pkl
MASTER DATABASE CURRENTLY HAS:
NO SEGMENTS

SEGMENTS REQUESTED (Pairs Requested * 2 * distribution[i]) (x10 for ensemble)):
0 RULE SEGMENTS: 34
1 RULE SEGMENTS: 34
2 RULE SEGMENTS: 34
3 RULE SEGMENTS: 100

MISSING SEGMENTS! Generating more...

 ****** Running generation 0 ****** 

21 cars survived this generation.
THIS GENERATION PRODUCED 183 SEGMENTS SATISFYING 0 RULES ON AVERAGE.
THIS GENERATION PRODUCED 175 SEGMENTS SATISFYING 1 RULES ON AVERAGE.
THIS GENERATION PRODUCED 36 SEGMENTS SATISFYING 2 RULES ON AVERAGE.
THIS GENERATION PRODUCED 12 SEGMENTS SATISFYING 3 RULES ON AVERAGE.
MASTER DATABASE CURRENTLY HAS:
0 RULE SEGMENTS: 183
1 RULE SEGMENTS: 175
2 RULE SEGMENTS: 36
3 RULE SEGMENTS: 12

Population's average fitness: 0.03600 stdev: 0.47403
Best fitness: 11.00000 - size: (4, 20) - species 1 - id 97
Average adjusted fitness: 0.002
Mean genetic distance 1.519, standard deviation 0.287
Population of 1000 members in 13 species:
   ID   age  size  fitness  adj fit  stag
  ====  ===  ====  =======  =======  ====
     1    0   388     11.0    0.004     0
     2    0   289      1.0    0.003     0
     3    0    77      0.0    0.000     0
     4    0    68      0.0    0.000     0
     5    0    14       --       --     0
     6    0    45       --       --     0
     7    0    15       --       --     0
     8    0    48       --       --     0
     9    0     2       --       --     0
    10    0    26       --       --     0
    11    0    24       --       --     0
    12    0     3       --       --     0
    13    0     1       --       --     0
Total extinctions: 0
Generation time: 52.641 sec

 ****** Running generation 1 ****** 

22 cars survived this generation.
THIS GENERATION PRODUCED 0 SEGMENTS SATISFYING 0 RULES ON AVERAGE.
THIS GENERATION PRODUCED 0 SEGMENTS SATISFYING 1 RULES ON AVERAGE.
THIS GENERATION PRODUCED 0 SEGMENTS SATISFYING 2 RULES ON AVERAGE.
THIS GENERATION PRODUCED 41 SEGMENTS SATISFYING 3 RULES ON AVERAGE.
MASTER DATABASE CURRENTLY HAS:
0 RULE SEGMENTS: 183
1 RULE SEGMENTS: 175
2 RULE SEGMENTS: 36
3 RULE SEGMENTS: 53

Population's average fitness: 0.10700 stdev: 1.19647
Best fitness: 32.00000 - size: (4, 19) - species 11 - id 1935
Average adjusted fitness: 0.010
Mean genetic distance 1.641, standard deviation 0.324
Population of 1003 members in 18 species:
   ID   age  size  fitness  adj fit  stag
  ====  ===  ====  =======  =======  ====
     1    1   375     11.0    0.002     1
     2    1   115      2.0    0.001     0
     3    1    47      0.0    0.000     1
     4    1    43      7.0    0.004     0
     5    1    25      4.0    0.009     0
     6    1    36      3.0    0.003     0
     7    1    14      0.0    0.000     0
     8    1    46      9.0    0.007     0
     9    1   162      4.0    0.062     0
    10    1    30      3.0    0.004     0
    11    1    81     32.0    0.042     0
    12    1     2      0.0    0.000     0
    13    1     8      0.0    0.000     0
    14    0    11       --       --     0
    15    0     2       --       --     0
    16    0     3       --       --     0
    17    0     1       --       --     0
    18    0     2       --       --     0
Total extinctions: 0
Generation time: 52.080 sec (52.361 average)

 ****** Running generation 2 ****** 

23 cars survived this generation.
THIS GENERATION PRODUCED 0 SEGMENTS SATISFYING 0 RULES ON AVERAGE.
THIS GENERATION PRODUCED 0 SEGMENTS SATISFYING 1 RULES ON AVERAGE.
THIS GENERATION PRODUCED 0 SEGMENTS SATISFYING 2 RULES ON AVERAGE.
THIS GENERATION PRODUCED 47 SEGMENTS SATISFYING 3 RULES ON AVERAGE.
MASTER DATABASE CURRENTLY HAS:
0 RULE SEGMENTS: 183
1 RULE SEGMENTS: 175
2 RULE SEGMENTS: 36
3 RULE SEGMENTS: 100

Population's average fitness: 0.38883 stdev: 2.68231
Best fitness: 49.00000 - size: (4, 20) - species 1 - id 2351
Average adjusted fitness: 0.003
Mean genetic distance 1.726, standard deviation 0.325
Population of 1002 members in 38 species:
   ID   age  size  fitness  adj fit  stag
  ====  ===  ====  =======  =======  ====
     1    2   444     49.0    0.014     0
     2    2    58      2.0    0.002     1
     3    2    29      1.0    0.000     0
     4    2    24      0.0    0.000     1
     5    2    14      0.0    0.000     1
     6    2    60     11.0    0.014     0
     7    2    20      1.0    0.001     0
     8    2    33      5.0    0.002     1
     9    2    72     13.0    0.004     0
    10    2     9      0.0    0.000     1
    11    2    39     41.0    0.013     0
    12    2     6      0.0    0.000     1
    13    2    11      0.0    0.000     1
    14    1    57      3.0    0.007     0
    15    1     3      0.0    0.000     0
    16    1     4      0.0    0.000     0
    17    1     3      0.0    0.000     0
    18    1     4      0.0    0.000     0
    19    0     9       --       --     0
    20    0     8       --       --     0
    21    0     5       --       --     0
    22    0     1       --       --     0
    23    0     3       --       --     0
    24    0     3       --       --     0
    25    0     2       --       --     0
    26    0    28       --       --     0
    27    0     5       --       --     0
    28    0     5       --       --     0
    29    0     9       --       --     0
    30    0     3       --       --     0
    31    0     1       --       --     0
    32    0     3       --       --     0
    33    0    10       --       --     0
    34    0    11       --       --     0
    35    0     3       --       --     0
    36    0     1       --       --     0
    37    0     1       --       --     0
    38    0     1       --       --     0
Total extinctions: 0
Generation time: 54.133 sec (52.951 average)
Stopping after 3 generations.
Total execution time for 3 generations: 158.89 seconds
SEGMENT POOL FOR DATA COLLECTION: ['0: 34', '1: 34', '2: 34', '3: 100']
Generated 57 pairs with different rewards (0.57%)
Generating Database with 100 trajectory pairs...
Replacing old master database with the new one...
Removing old master database...
Master database updated successfully.
