pygame 2.6.1 (SDL 2.28.4, Python 3.12.3)
Hello from the pygame community. https://www.pygame.org/contribute.html
COULD NOT LOAD FROM MASTER DB: database_gargantuar_2_length_3_rules.pkl
MASTER DATABASE CURRENTLY HAS:
NO SEGMENTS

SEGMENTS REQUESTED (Pairs Requested * 2 * distribution[i]) (x10 for ensemble)):
0 RULE SEGMENTS: 34
1 RULE SEGMENTS: 34
2 RULE SEGMENTS: 34
3 RULE SEGMENTS: 100

MISSING SEGMENTS! Generating more...

 ****** Running generation 0 ****** 

13 cars survived this generation.
THIS GENERATION PRODUCED 124 SEGMENTS SATISFYING 0 RULES ON AVERAGE.
THIS GENERATION PRODUCED 39 SEGMENTS SATISFYING 1 RULES ON AVERAGE.
THIS GENERATION PRODUCED 38 SEGMENTS SATISFYING 2 RULES ON AVERAGE.
THIS GENERATION PRODUCED 21 SEGMENTS SATISFYING 3 RULES ON AVERAGE.
MASTER DATABASE CURRENTLY HAS:
0 RULE SEGMENTS: 124
1 RULE SEGMENTS: 39
2 RULE SEGMENTS: 38
3 RULE SEGMENTS: 21

Population's average fitness: 0.05300 stdev: 0.51205
Best fitness: 11.00000 - size: (4, 20) - species 1 - id 188
Average adjusted fitness: 0.004
Mean genetic distance 1.401, standard deviation 0.305
Population of 1001 members in 5 species:
   ID   age  size  fitness  adj fit  stag
  ====  ===  ====  =======  =======  ====
     1    0   624     11.0    0.005     0
     2    0    46      0.0    0.000     0
     3    0    86      2.0    0.003     0
     4    0   209      4.0    0.013     0
     5    0    36      0.0    0.000     0
Total extinctions: 0
Generation time: 52.998 sec

 ****** Running generation 1 ****** 

19 cars survived this generation.
THIS GENERATION PRODUCED 0 SEGMENTS SATISFYING 0 RULES ON AVERAGE.
THIS GENERATION PRODUCED 0 SEGMENTS SATISFYING 1 RULES ON AVERAGE.
THIS GENERATION PRODUCED 0 SEGMENTS SATISFYING 2 RULES ON AVERAGE.
THIS GENERATION PRODUCED 80 SEGMENTS SATISFYING 3 RULES ON AVERAGE.
MASTER DATABASE CURRENTLY HAS:
0 RULE SEGMENTS: 124
1 RULE SEGMENTS: 39
2 RULE SEGMENTS: 38
3 RULE SEGMENTS: 101

Population's average fitness: 0.26374 stdev: 1.76784
Best fitness: 26.00000 - size: (4, 19) - species 1 - id 1654
Average adjusted fitness: 0.013
Mean genetic distance 1.604, standard deviation 0.352
Population of 1000 members in 19 species:
   ID   age  size  fitness  adj fit  stag
  ====  ===  ====  =======  =======  ====
     1    1   501     26.0    0.007     0
     2    1    68      2.0    0.002     0
     3    1    45      2.0    0.002     1
     4    1   167     17.0    0.020     0
     5    1   131     18.0    0.033     0
     6    0     4       --       --     0
     7    0     6       --       --     0
     8    0     3       --       --     0
     9    0    29       --       --     0
    10    0     4       --       --     0
    11    0     5       --       --     0
    12    0    16       --       --     0
    13    0     4       --       --     0
    14    0     5       --       --     0
    15    0     6       --       --     0
    16    0     2       --       --     0
    17    0     1       --       --     0
    18    0     2       --       --     0
    19    0     1       --       --     0
Total extinctions: 0
Generation time: 51.509 sec (52.254 average)
Stopping after 2 generations.
Total execution time for 2 generations: 104.54 seconds
SEGMENT POOL FOR DATA COLLECTION: ['0: 34', '1: 34', '2: 34', '3: 100']
Generated 56 pairs with different rewards (0.56%)
Generating Database with 100 trajectory pairs...
Replacing old master database with the new one...
Removing old master database...
Master database updated successfully.
