pygame 2.6.1 (SDL 2.28.4, Python 3.12.3)
Hello from the pygame community. https://www.pygame.org/contribute.html
COULD NOT LOAD FROM MASTER DB: database_gargantuar_2_length_3_rules.pkl
MASTER DATABASE CURRENTLY HAS:
NO SEGMENTS

SEGMENTS REQUESTED (Pairs Requested * 2 * distribution[i]) (x10 for ensemble)):
0 RULE SEGMENTS: 34
1 RULE SEGMENTS: 34
2 RULE SEGMENTS: 34
3 RULE SEGMENTS: 100

MISSING SEGMENTS! Generating more...

 ****** Running generation 0 ****** 

18 cars survived this generation.
THIS GENERATION PRODUCED 164 SEGMENTS SATISFYING 0 RULES ON AVERAGE.
THIS GENERATION PRODUCED 191 SEGMENTS SATISFYING 1 RULES ON AVERAGE.
THIS GENERATION PRODUCED 36 SEGMENTS SATISFYING 2 RULES ON AVERAGE.
THIS GENERATION PRODUCED 12 SEGMENTS SATISFYING 3 RULES ON AVERAGE.
MASTER DATABASE CURRENTLY HAS:
0 RULE SEGMENTS: 164
1 RULE SEGMENTS: 191
2 RULE SEGMENTS: 36
3 RULE SEGMENTS: 12

Population's average fitness: 0.03600 stdev: 0.53170
Best fitness: 12.00000 - size: (4, 20) - species 1 - id 287
Average adjusted fitness: 0.003
Mean genetic distance 1.436, standard deviation 0.346
Population of 1000 members in 6 species:
   ID   age  size  fitness  adj fit  stag
  ====  ===  ====  =======  =======  ====
     1    0   361     12.0    0.004     0
     2    0    78      1.0    0.001     0
     3    0   165      1.0    0.001     0
     4    0    61      0.0    0.000     0
     5    0   334      1.0    0.012     0
     6    0     1       --       --     0
Total extinctions: 0
Generation time: 52.559 sec

 ****** Running generation 1 ****** 

28 cars survived this generation.
THIS GENERATION PRODUCED 0 SEGMENTS SATISFYING 0 RULES ON AVERAGE.
THIS GENERATION PRODUCED 0 SEGMENTS SATISFYING 1 RULES ON AVERAGE.
THIS GENERATION PRODUCED 0 SEGMENTS SATISFYING 2 RULES ON AVERAGE.
THIS GENERATION PRODUCED 90 SEGMENTS SATISFYING 3 RULES ON AVERAGE.
MASTER DATABASE CURRENTLY HAS:
0 RULE SEGMENTS: 164
1 RULE SEGMENTS: 191
2 RULE SEGMENTS: 36
3 RULE SEGMENTS: 102

Population's average fitness: 0.24400 stdev: 1.65845
Best fitness: 21.00000 - size: (4, 20) - species 5 - id 1420
Average adjusted fitness: 0.008
Mean genetic distance 1.692, standard deviation 0.383
Population of 1001 members in 20 species:
   ID   age  size  fitness  adj fit  stag
  ====  ===  ====  =======  =======  ====
     1    1   230     12.0    0.006     1
     2    1   121     13.0    0.009     0
     3    1   165     15.0    0.010     0
     4    1    55      0.0    0.000     1
     5    1   168     21.0    0.021     0
     6    1     5      0.0    0.000     0
     7    0     4       --       --     0
     8    0    23       --       --     0
     9    0     5       --       --     0
    10    0   173       --       --     0
    11    0     1       --       --     0
    12    0     6       --       --     0
    13    0     4       --       --     0
    14    0    11       --       --     0
    15    0     1       --       --     0
    16    0     2       --       --     0
    17    0     1       --       --     0
    18    0    17       --       --     0
    19    0     8       --       --     0
    20    0     1       --       --     0
Total extinctions: 0
Generation time: 52.063 sec (52.311 average)
Stopping after 2 generations.
Total execution time for 2 generations: 104.65 seconds
SEGMENT POOL FOR DATA COLLECTION: ['0: 34', '1: 34', '2: 34', '3: 100']
Generated 51 pairs with different rewards (0.51%)
Generating Database with 100 trajectory pairs...
Replacing old master database with the new one...
Removing old master database...
Master database updated successfully.
