pygame 2.6.1 (SDL 2.28.4, Python 3.12.3)
Hello from the pygame community. https://www.pygame.org/contribute.html
COULD NOT LOAD FROM MASTER DB: database_gargantuar_2_length_3_rules.pkl
MASTER DATABASE CURRENTLY HAS:
NO SEGMENTS

SEGMENTS REQUESTED (Pairs Requested * 2 * distribution[i]) (x10 for ensemble)):
0 RULE SEGMENTS: 34
1 RULE SEGMENTS: 34
2 RULE SEGMENTS: 34
3 RULE SEGMENTS: 100

MISSING SEGMENTS! Generating more...

 ****** Running generation 0 ****** 

19 cars survived this generation.
THIS GENERATION PRODUCED 176 SEGMENTS SATISFYING 0 RULES ON AVERAGE.
THIS GENERATION PRODUCED 193 SEGMENTS SATISFYING 1 RULES ON AVERAGE.
THIS GENERATION PRODUCED 36 SEGMENTS SATISFYING 2 RULES ON AVERAGE.
THIS GENERATION PRODUCED 7 SEGMENTS SATISFYING 3 RULES ON AVERAGE.
MASTER DATABASE CURRENTLY HAS:
0 RULE SEGMENTS: 176
1 RULE SEGMENTS: 193
2 RULE SEGMENTS: 36
3 RULE SEGMENTS: 7

Population's average fitness: 0.03000 stdev: 0.28827
Best fitness: 4.00000 - size: (4, 20) - species 3 - id 278
Average adjusted fitness: 0.007
Mean genetic distance 1.435, standard deviation 0.291
Population of 1000 members in 8 species:
   ID   age  size  fitness  adj fit  stag
  ====  ===  ====  =======  =======  ====
     1    0   366      4.0    0.007     0
     2    0   149      1.0    0.001     0
     3    0   316      4.0    0.014     0
     4    0    30       --       --     0
     5    0    46       --       --     0
     6    0     7       --       --     0
     7    0    79       --       --     0
     8    0     7       --       --     0
Total extinctions: 0
Generation time: 53.915 sec

 ****** Running generation 1 ****** 

21 cars survived this generation.
THIS GENERATION PRODUCED 0 SEGMENTS SATISFYING 0 RULES ON AVERAGE.
THIS GENERATION PRODUCED 0 SEGMENTS SATISFYING 1 RULES ON AVERAGE.
THIS GENERATION PRODUCED 0 SEGMENTS SATISFYING 2 RULES ON AVERAGE.
THIS GENERATION PRODUCED 17 SEGMENTS SATISFYING 3 RULES ON AVERAGE.
MASTER DATABASE CURRENTLY HAS:
0 RULE SEGMENTS: 176
1 RULE SEGMENTS: 193
2 RULE SEGMENTS: 36
3 RULE SEGMENTS: 24

Population's average fitness: 0.05700 stdev: 0.49371
Best fitness: 11.00000 - size: (5, 21) - species 3 - id 1719
Average adjusted fitness: 0.003
Mean genetic distance 1.633, standard deviation 0.297
Population of 1000 members in 26 species:
   ID   age  size  fitness  adj fit  stag
  ====  ===  ====  =======  =======  ====
     1    1   332      4.0    0.007     1
     2    1    94      3.0    0.004     0
     3    1   160     11.0    0.006     0
     4    1    29      0.0    0.000     0
     5    1    51      0.0    0.000     0
     6    1    11      0.0    0.000     0
     7    1   139      3.0    0.003     0
     8    1     9      0.0    0.000     0
     9    0    31       --       --     0
    10    0    26       --       --     0
    11    0     3       --       --     0
    12    0     4       --       --     0
    13    0     6       --       --     0
    14    0     8       --       --     0
    15    0     8       --       --     0
    16    0     4       --       --     0
    17    0     5       --       --     0
    18    0     5       --       --     0
    19    0     9       --       --     0
    20    0    22       --       --     0
    21    0    15       --       --     0
    22    0    15       --       --     0
    23    0     5       --       --     0
    24    0     5       --       --     0
    25    0     2       --       --     0
    26    0     2       --       --     0
Total extinctions: 0
Generation time: 54.113 sec (54.014 average)

 ****** Running generation 2 ****** 

25 cars survived this generation.
THIS GENERATION PRODUCED 0 SEGMENTS SATISFYING 0 RULES ON AVERAGE.
THIS GENERATION PRODUCED 0 SEGMENTS SATISFYING 1 RULES ON AVERAGE.
THIS GENERATION PRODUCED 0 SEGMENTS SATISFYING 2 RULES ON AVERAGE.
THIS GENERATION PRODUCED 71 SEGMENTS SATISFYING 3 RULES ON AVERAGE.
MASTER DATABASE CURRENTLY HAS:
0 RULE SEGMENTS: 176
1 RULE SEGMENTS: 193
2 RULE SEGMENTS: 36
3 RULE SEGMENTS: 95

Population's average fitness: 0.15600 stdev: 1.22950
Best fitness: 18.00000 - size: (5, 20) - species 1 - id 2304
Average adjusted fitness: 0.007
Mean genetic distance 1.742, standard deviation 0.300
Population of 1004 members in 48 species:
   ID   age  size  fitness  adj fit  stag
  ====  ===  ====  =======  =======  ====
     1    2   311     18.0    0.009     0
     2    2    49      2.0    0.002     1
     3    2    31     14.0    0.017     0
     4    2    19      0.0    0.000     1
     5    2    14      0.0    0.000     1
     6    2    24      3.0    0.015     0
     7    2    50     10.0    0.005     0
     8    2     5      0.0    0.000     1
     9    1    47     17.0    0.030     0
    10    1    48     10.0    0.030     0
    11    1   100      2.0    0.037     0
    12    1    57      2.0    0.028     0
    13    1     6      0.0    0.000     0
    14    1     6      0.0    0.000     0
    15    1    19      0.0    0.000     0
    16    1     2      0.0    0.000     0
    17    1     4      0.0    0.000     0
    18    1     3      0.0    0.000     0
    19    1     8      0.0    0.000     0
    20    1    15      0.0    0.000     0
    21    1    11      0.0    0.000     0
    22    1    13      1.0    0.004     0
    23    1     4      0.0    0.000     0
    24    1     3      0.0    0.000     0
    25    1    11      0.0    0.000     0
    26    1     3      0.0    0.000     0
    27    0     2       --       --     0
    28    0    10       --       --     0
    29    0     6       --       --     0
    30    0    33       --       --     0
    31    0     2       --       --     0
    32    0     1       --       --     0
    33    0    10       --       --     0
    34    0     6       --       --     0
    35    0     7       --       --     0
    36    0     2       --       --     0
    37    0     7       --       --     0
    38    0     2       --       --     0
    39    0     6       --       --     0
    40    0    11       --       --     0
    41    0    11       --       --     0
    42    0    12       --       --     0
    43    0     3       --       --     0
    44    0     3       --       --     0
    45    0     2       --       --     0
    46    0     3       --       --     0
    47    0     1       --       --     0
    48    0     1       --       --     0
Total extinctions: 0
Generation time: 52.484 sec (53.504 average)

 ****** Running generation 3 ****** 

18 cars survived this generation.
THIS GENERATION PRODUCED 0 SEGMENTS SATISFYING 0 RULES ON AVERAGE.
THIS GENERATION PRODUCED 0 SEGMENTS SATISFYING 1 RULES ON AVERAGE.
THIS GENERATION PRODUCED 0 SEGMENTS SATISFYING 2 RULES ON AVERAGE.
THIS GENERATION PRODUCED 7 SEGMENTS SATISFYING 3 RULES ON AVERAGE.
MASTER DATABASE CURRENTLY HAS:
0 RULE SEGMENTS: 176
1 RULE SEGMENTS: 193
2 RULE SEGMENTS: 36
3 RULE SEGMENTS: 102

Population's average fitness: 0.36952 stdev: 1.97139
Best fitness: 19.00000 - size: (5, 21) - species 1 - id 3460
Average adjusted fitness: 0.016
Mean genetic distance 1.813, standard deviation 0.301
Population of 1008 members in 69 species:
   ID   age  size  fitness  adj fit  stag
  ====  ===  ====  =======  =======  ====
     1    3    82     19.0    0.029     0
     2    3    36      2.0    0.003     2
     3    3    70     12.0    0.068     1
     4    3    14      0.0    0.000     2
     5    3    14      0.0    0.000     2
     6    3    17      0.0    0.000     1
     7    3    45      4.0    0.005     1
     8    3     3      0.0    0.000     2
     9    2    34     17.0    0.031     1
    10    2    35     10.0    0.012     1
    11    2    33      2.0    0.003     1
    12    2    17      0.0    0.000     1
    13    2     6      0.0    0.000     1
    14    2    22      3.0    0.026     0
    15    2    23     14.0    0.039     0
    16    2     2      0.0    0.000     1
    17    2     3      0.0    0.000     1
    18    2     2      0.0    0.000     1
    19    2     5      0.0    0.000     1
    20    2    18      2.0    0.007     0
    21    2    17      0.0    0.000     1
    22    2     5      1.0    0.004     1
    23    2     4      0.0    0.000     1
    24    2     4      0.0    0.000     1
    25    2    13      3.0    0.014     0
    26    2     5      0.0    0.000     1
    27    1     4      0.0    0.000     0
    28    1    11      3.0    0.016     0
    29    1    12      1.0    0.009     0
    30    1    81      5.0    0.018     0
    31    1     3      0.0    0.000     0
    32    1     3      0.0    0.000     0
    33    1    33     13.0    0.132     0
    34    1    11      2.0    0.018     0
    35    1    57     14.0    0.143     0
    36    1     8      0.0    0.000     0
    37    1    80     15.0    0.195     0
    38    1     2      0.0    0.000     0
    39    1     5      0.0    0.000     0
    40    1     6      0.0    0.000     0
    41    1     8      0.0    0.000     0
    42    1     9      0.0    0.000     0
    43    1     8      0.0    0.000     0
    44    1     3      0.0    0.000     0
    45    1     3      0.0    0.000     0
    46    1     6      0.0    0.000     0
    47    1     8      0.0    0.000     0
    48    1     3      0.0    0.000     0
    49    0     2       --       --     0
    50    0     5       --       --     0
    51    0     4       --       --     0
    52    0     3       --       --     0
    53    0    50       --       --     0
    54    0    17       --       --     0
    55    0     1       --       --     0
    56    0     2       --       --     0
    57    0     2       --       --     0
    58    0     2       --       --     0
    59    0     3       --       --     0
    60    0     6       --       --     0
    61    0     2       --       --     0
    62    0     1       --       --     0
    63    0     1       --       --     0
    64    0     3       --       --     0
    65    0     3       --       --     0
    66    0     2       --       --     0
    67    0     1       --       --     0
    68    0     3       --       --     0
    69    0     2       --       --     0
Total extinctions: 0
Generation time: 50.554 sec (52.767 average)
Stopping after 4 generations.
Total execution time for 4 generations: 211.09 seconds
SEGMENT POOL FOR DATA COLLECTION: ['0: 34', '1: 34', '2: 34', '3: 100']
Generated 57 pairs with different rewards (0.57%)
Generating Database with 100 trajectory pairs...
Replacing old master database with the new one...
Removing old master database...
Master database updated successfully.
