pygame 2.6.1 (SDL 2.28.4, Python 3.12.3)
Hello from the pygame community. https://www.pygame.org/contribute.html
COULD NOT LOAD FROM MASTER DB: database_gargantuar_2_length_3_rules.pkl
MASTER DATABASE CURRENTLY HAS:
NO SEGMENTS

SEGMENTS REQUESTED (Pairs Requested * 2 * distribution[i]) (x10 for ensemble)):
0 RULE SEGMENTS: 34
1 RULE SEGMENTS: 34
2 RULE SEGMENTS: 34
3 RULE SEGMENTS: 100

MISSING SEGMENTS! Generating more...

 ****** Running generation 0 ****** 

28 cars survived this generation.
THIS GENERATION PRODUCED 178 SEGMENTS SATISFYING 0 RULES ON AVERAGE.
THIS GENERATION PRODUCED 181 SEGMENTS SATISFYING 1 RULES ON AVERAGE.
THIS GENERATION PRODUCED 34 SEGMENTS SATISFYING 2 RULES ON AVERAGE.
THIS GENERATION PRODUCED 20 SEGMENTS SATISFYING 3 RULES ON AVERAGE.
MASTER DATABASE CURRENTLY HAS:
0 RULE SEGMENTS: 178
1 RULE SEGMENTS: 181
2 RULE SEGMENTS: 34
3 RULE SEGMENTS: 20

Population's average fitness: 0.04900 stdev: 0.59883
Best fitness: 11.00000 - size: (4, 20) - species 1 - id 580
Average adjusted fitness: 0.002
Mean genetic distance 1.438, standard deviation 0.330
Population of 1000 members in 7 species:
   ID   age  size  fitness  adj fit  stag
  ====  ===  ====  =======  =======  ====
     1    0   697     11.0    0.006     0
     2    0   223      3.0    0.001     0
     3    0    33      0.0    0.000     0
     4    0    25      0.0    0.000     0
     5    0    19       --       --     0
     6    0     2       --       --     0
     7    0     1       --       --     0
Total extinctions: 0
Generation time: 51.191 sec

 ****** Running generation 1 ****** 

33 cars survived this generation.
THIS GENERATION PRODUCED 0 SEGMENTS SATISFYING 0 RULES ON AVERAGE.
THIS GENERATION PRODUCED 0 SEGMENTS SATISFYING 1 RULES ON AVERAGE.
THIS GENERATION PRODUCED 0 SEGMENTS SATISFYING 2 RULES ON AVERAGE.
THIS GENERATION PRODUCED 25 SEGMENTS SATISFYING 3 RULES ON AVERAGE.
MASTER DATABASE CURRENTLY HAS:
0 RULE SEGMENTS: 178
1 RULE SEGMENTS: 181
2 RULE SEGMENTS: 34
3 RULE SEGMENTS: 45

Population's average fitness: 0.06800 stdev: 0.67333
Best fitness: 11.00000 - size: (4, 20) - species 1 - id 580
Average adjusted fitness: 0.002
Mean genetic distance 1.597, standard deviation 0.301
Population of 1001 members in 17 species:
   ID   age  size  fitness  adj fit  stag
  ====  ===  ====  =======  =======  ====
     1    1   492     11.0    0.007     1
     2    1   309      9.0    0.007     0
     3    1    35      0.0    0.000     1
     4    1    41      0.0    0.000     1
     5    1    14      0.0    0.000     0
     6    1     4      0.0    0.000     0
     7    1     9      0.0    0.000     0
     8    0    29       --       --     0
     9    0     7       --       --     0
    10    0    15       --       --     0
    11    0    30       --       --     0
    12    0     3       --       --     0
    13    0     6       --       --     0
    14    0     1       --       --     0
    15    0     1       --       --     0
    16    0     4       --       --     0
    17    0     1       --       --     0
Total extinctions: 0
Generation time: 49.526 sec (50.359 average)

 ****** Running generation 2 ****** 

35 cars survived this generation.
THIS GENERATION PRODUCED 0 SEGMENTS SATISFYING 0 RULES ON AVERAGE.
THIS GENERATION PRODUCED 0 SEGMENTS SATISFYING 1 RULES ON AVERAGE.
THIS GENERATION PRODUCED 0 SEGMENTS SATISFYING 2 RULES ON AVERAGE.
THIS GENERATION PRODUCED 50 SEGMENTS SATISFYING 3 RULES ON AVERAGE.
MASTER DATABASE CURRENTLY HAS:
0 RULE SEGMENTS: 178
1 RULE SEGMENTS: 181
2 RULE SEGMENTS: 34
3 RULE SEGMENTS: 95

Population's average fitness: 0.12987 stdev: 1.42936
Best fitness: 29.00000 - size: (4, 16) - species 1 - id 2402
Average adjusted fitness: 0.002
Mean genetic distance 1.709, standard deviation 0.304
Population of 1004 members in 48 species:
   ID   age  size  fitness  adj fit  stag
  ====  ===  ====  =======  =======  ====
     1    2   191     29.0    0.007     0
     2    2   290      9.0    0.002     1
     3    2    22      0.0    0.000     2
     4    2    49      2.0    0.002     0
     5    2    13      0.0    0.000     1
     6    2     5      0.0    0.000     1
     7    2    11      0.0    0.000     1
     8    1    23      0.0    0.000     0
     9    1     9      0.0    0.000     0
    10    1    17      0.0    0.000     0
    11    1    41      0.0    0.000     0
    12    1    10      0.0    0.000     0
    13    1    82      2.0    0.017     0
    14    1     6      0.0    0.000     0
    15    1    35      0.0    0.000     0
    16    1     2      0.0    0.000     0
    17    1     5      0.0    0.000     0
    18    0     5       --       --     0
    19    0    13       --       --     0
    20    0     2       --       --     0
    21    0    74       --       --     0
    22    0     7       --       --     0
    23    0     2       --       --     0
    24    0     6       --       --     0
    25    0     2       --       --     0
    26    0     4       --       --     0
    27    0     1       --       --     0
    28    0     2       --       --     0
    29    0     2       --       --     0
    30    0     3       --       --     0
    31    0     4       --       --     0
    32    0     7       --       --     0
    33    0     9       --       --     0
    34    0     3       --       --     0
    35    0     3       --       --     0
    36    0     1       --       --     0
    37    0     3       --       --     0
    38    0     5       --       --     0
    39    0     1       --       --     0
    40    0     5       --       --     0
    41    0     1       --       --     0
    42    0    11       --       --     0
    43    0     3       --       --     0
    44    0     1       --       --     0
    45    0     7       --       --     0
    46    0     1       --       --     0
    47    0     4       --       --     0
    48    0     1       --       --     0
Total extinctions: 0
Generation time: 49.470 sec (50.062 average)

 ****** Running generation 3 ****** 

33 cars survived this generation.
THIS GENERATION PRODUCED 0 SEGMENTS SATISFYING 0 RULES ON AVERAGE.
THIS GENERATION PRODUCED 0 SEGMENTS SATISFYING 1 RULES ON AVERAGE.
THIS GENERATION PRODUCED 0 SEGMENTS SATISFYING 2 RULES ON AVERAGE.
THIS GENERATION PRODUCED 13 SEGMENTS SATISFYING 3 RULES ON AVERAGE.
MASTER DATABASE CURRENTLY HAS:
0 RULE SEGMENTS: 178
1 RULE SEGMENTS: 181
2 RULE SEGMENTS: 34
3 RULE SEGMENTS: 108

Population's average fitness: 0.37351 stdev: 2.45658
Best fitness: 33.00000 - size: (4, 20) - species 2 - id 3083
Average adjusted fitness: 0.006
Mean genetic distance 1.819, standard deviation 0.314
Population of 1013 members in 64 species:
   ID   age  size  fitness  adj fit  stag
  ====  ===  ====  =======  =======  ====
     1    3    91     19.0    0.007     1
     2    3   170     33.0    0.013     0
     3    3    10      0.0    0.000     3
     4    3    26      0.0    0.000     1
     5    3    53     29.0    0.068     0
     6    3     5      0.0    0.000     2
     7    3    12      0.0    0.000     2
     8    2    14      9.0    0.016     0
     9    2     4      0.0    0.000     1
    10    2     6      0.0    0.000     1
    11    2    30      9.0    0.007     0
    12    2    11      0.0    0.000     1
    13    2    21     32.0    0.041     0
    14    2     3      0.0    0.000     1
    15    2    34     16.0    0.017     0
    16    2     3      0.0    0.000     1
    17    2     4      0.0    0.000     1
    18    1     2      0.0    0.000     0
    19    1     9      0.0    0.000     0
    20    1     3      0.0    0.000     0
    21    1    53      1.0    0.005     0
    22    1    10      1.0    0.004     0
    23    1     2      0.0    0.000     0
    24    1     5      0.0    0.000     0
    25    1     4      0.0    0.000     0
    26    1    19      1.0    0.008     0
    27    1     4      0.0    0.000     0
    28    1     5      0.0    0.000     0
    29    1     2      0.0    0.000     0
    30    1     2      0.0    0.000     0
    31    1     3      0.0    0.000     0
    32    1    14      2.0    0.009     0
    33    1     9      0.0    0.000     0
    34    1   125     10.0    0.101     0
    35    1     3      0.0    0.000     0
    36    1     3      0.0    0.000     0
    37    1     3      0.0    0.000     0
    38    1     3      0.0    0.000     0
    39    1     4      0.0    0.000     0
    40    1    11      0.0    0.000     0
    41    1     6      0.0    0.000     0
    42    1    15      0.0    0.000     0
    43    1    10      0.0    0.000     0
    44    1     5      0.0    0.000     0
    45    1    17      0.0    0.000     0
    46    1     4      0.0    0.000     0
    47    1     6      0.0    0.000     0
    48    1     6      0.0    0.000     0
    49    0    26       --       --     0
    50    0     1       --       --     0
    51    0    36       --       --     0
    52    0    13       --       --     0
    53    0     2       --       --     0
    54    0    24       --       --     0
    55    0    22       --       --     0
    56    0     2       --       --     0
    57    0     1       --       --     0
    58    0     2       --       --     0
    59    0     6       --       --     0
    60    0     2       --       --     0
    61    0     2       --       --     0
    62    0     5       --       --     0
    63    0     2       --       --     0
    64    0     3       --       --     0
Total extinctions: 0
Generation time: 50.017 sec (50.051 average)
Stopping after 4 generations.
Total execution time for 4 generations: 200.23 seconds
SEGMENT POOL FOR DATA COLLECTION: ['0: 34', '1: 34', '2: 34', '3: 100']
Generated 55 pairs with different rewards (0.55%)
Generating Database with 100 trajectory pairs...
Replacing old master database with the new one...
Removing old master database...
Master database updated successfully.
