pygame 2.6.1 (SDL 2.28.4, Python 3.12.3)
Hello from the pygame community. https://www.pygame.org/contribute.html
COULD NOT LOAD FROM MASTER DB: database_gargantuar_2_length_3_rules.pkl
MASTER DATABASE CURRENTLY HAS:
NO SEGMENTS

SEGMENTS REQUESTED (Pairs Requested * 2 * distribution[i]) (x10 for ensemble)):
0 RULE SEGMENTS: 34
1 RULE SEGMENTS: 34
2 RULE SEGMENTS: 34
3 RULE SEGMENTS: 100

MISSING SEGMENTS! Generating more...

 ****** Running generation 0 ****** 

16 cars survived this generation.
THIS GENERATION PRODUCED 171 SEGMENTS SATISFYING 0 RULES ON AVERAGE.
THIS GENERATION PRODUCED 195 SEGMENTS SATISFYING 1 RULES ON AVERAGE.
THIS GENERATION PRODUCED 34 SEGMENTS SATISFYING 2 RULES ON AVERAGE.
THIS GENERATION PRODUCED 28 SEGMENTS SATISFYING 3 RULES ON AVERAGE.
MASTER DATABASE CURRENTLY HAS:
0 RULE SEGMENTS: 171
1 RULE SEGMENTS: 195
2 RULE SEGMENTS: 34
3 RULE SEGMENTS: 28

Population's average fitness: 0.08300 stdev: 0.95085
Best fitness: 17.00000 - size: (4, 20) - species 2 - id 946
Average adjusted fitness: 0.003
Mean genetic distance 1.456, standard deviation 0.305
Population of 1000 members in 8 species:
   ID   age  size  fitness  adj fit  stag
  ====  ===  ====  =======  =======  ====
     1    0   290     15.0    0.004     0
     2    0   413     17.0    0.007     0
     3    0    17      0.0    0.000     0
     4    0   140      0.0    0.000     0
     5    0    61       --       --     0
     6    0    47       --       --     0
     7    0    11       --       --     0
     8    0    21       --       --     0
Total extinctions: 0
Generation time: 52.299 sec

 ****** Running generation 1 ****** 

17 cars survived this generation.
THIS GENERATION PRODUCED 0 SEGMENTS SATISFYING 0 RULES ON AVERAGE.
THIS GENERATION PRODUCED 0 SEGMENTS SATISFYING 1 RULES ON AVERAGE.
THIS GENERATION PRODUCED 0 SEGMENTS SATISFYING 2 RULES ON AVERAGE.
THIS GENERATION PRODUCED 42 SEGMENTS SATISFYING 3 RULES ON AVERAGE.
MASTER DATABASE CURRENTLY HAS:
0 RULE SEGMENTS: 171
1 RULE SEGMENTS: 195
2 RULE SEGMENTS: 34
3 RULE SEGMENTS: 70

Population's average fitness: 0.11600 stdev: 1.06045
Best fitness: 17.00000 - size: (4, 20) - species 2 - id 946
Average adjusted fitness: 0.003
Mean genetic distance 1.633, standard deviation 0.289
Population of 1001 members in 28 species:
   ID   age  size  fitness  adj fit  stag
  ====  ===  ====  =======  =======  ====
     1    1   211     15.0    0.011     1
     2    1   252     17.0    0.007     1
     3    1    14      0.0    0.000     1
     4    1    75      0.0    0.000     1
     5    1    91      8.0    0.008     0
     6    1    49      1.0    0.001     0
     7    1    11      0.0    0.000     0
     8    1    56      0.0    0.000     0
     9    0     2       --       --     0
    10    0    50       --       --     0
    11    0    21       --       --     0
    12    0    16       --       --     0
    13    0    22       --       --     0
    14    0     1       --       --     0
    15    0     5       --       --     0
    16    0     3       --       --     0
    17    0    55       --       --     0
    18    0    15       --       --     0
    19    0     4       --       --     0
    20    0     5       --       --     0
    21    0     3       --       --     0
    22    0    13       --       --     0
    23    0     2       --       --     0
    24    0     5       --       --     0
    25    0     5       --       --     0
    26    0     7       --       --     0
    27    0     3       --       --     0
    28    0     5       --       --     0
Total extinctions: 0
Generation time: 51.136 sec (51.717 average)

 ****** Running generation 2 ****** 

21 cars survived this generation.
THIS GENERATION PRODUCED 0 SEGMENTS SATISFYING 0 RULES ON AVERAGE.
THIS GENERATION PRODUCED 0 SEGMENTS SATISFYING 1 RULES ON AVERAGE.
THIS GENERATION PRODUCED 0 SEGMENTS SATISFYING 2 RULES ON AVERAGE.
THIS GENERATION PRODUCED 31 SEGMENTS SATISFYING 3 RULES ON AVERAGE.
MASTER DATABASE CURRENTLY HAS:
0 RULE SEGMENTS: 171
1 RULE SEGMENTS: 195
2 RULE SEGMENTS: 34
3 RULE SEGMENTS: 101

Population's average fitness: 0.29371 stdev: 2.15337
Best fitness: 38.00000 - size: (4, 18) - species 25 - id 2940
Average adjusted fitness: 0.010
Mean genetic distance 1.834, standard deviation 0.320
Population of 1002 members in 57 species:
   ID   age  size  fitness  adj fit  stag
  ====  ===  ====  =======  =======  ====
     1    2    52     23.0    0.018     0
     2    2   141     12.0    0.004     2
     3    2    61     19.0    0.036     0
     4    2    44     10.0    0.004     0
     5    2    32     17.0    0.008     0
     6    2    25      7.0    0.004     0
     7    2     9      0.0    0.000     1
     8    2    31      3.0    0.002     0
     9    1     4      0.0    0.000     0
    10    1    29      0.0    0.000     0
    11    1    16      0.0    0.000     0
    12    1     7      0.0    0.000     0
    13    1    13      0.0    0.000     0
    14    1     3      0.0    0.000     0
    15    1     2      0.0    0.000     0
    16    1     3      0.0    0.000     0
    17    1    35      2.0    0.003     0
    18    1    12      0.0    0.000     0
    19    1     8      0.0    0.000     0
    20    1     6      0.0    0.000     0
    21    1     6      0.0    0.000     0
    22    1    11      0.0    0.000     0
    23    1     3      0.0    0.000     0
    24    1     9      0.0    0.000     0
    25    1   178     38.0    0.200     0
    26    1     7      0.0    0.000     0
    27    1    10      0.0    0.000     0
    28    1    10      0.0    0.000     0
    29    0     3       --       --     0
    30    0     1       --       --     0
    31    0     8       --       --     0
    32    0     1       --       --     0
    33    0     7       --       --     0
    34    0     2       --       --     0
    35    0     4       --       --     0
    36    0     4       --       --     0
    37    0     2       --       --     0
    38    0     2       --       --     0
    39    0     4       --       --     0
    40    0     3       --       --     0
    41    0     1       --       --     0
    42    0     2       --       --     0
    43    0     7       --       --     0
    44    0     4       --       --     0
    45    0     2       --       --     0
    46    0     5       --       --     0
    47    0     1       --       --     0
    48    0     2       --       --     0
    49    0     2       --       --     0
    50    0     2       --       --     0
    51    0     2       --       --     0
    52    0     1       --       --     0
    53    0    22       --       --     0
    54    0     7       --       --     0
    55    0   122       --       --     0
    56    0     8       --       --     0
    57    0     4       --       --     0
Total extinctions: 0
Generation time: 51.954 sec (51.796 average)
Stopping after 3 generations.
Total execution time for 3 generations: 155.42 seconds
SEGMENT POOL FOR DATA COLLECTION: ['0: 34', '1: 34', '2: 34', '3: 100']
Generated 50 pairs with different rewards (0.5%)
Generating Database with 100 trajectory pairs...
Replacing old master database with the new one...
Removing old master database...
Master database updated successfully.
